<?xml version="1.0" encoding="UTF-8"?>
<!-- Generated by org.testng.reporters.JUnitReportReporter -->
<testsuite hostname="Poovannas-Thinkpad" failures="0" tests="1" name="resources.ReadExcel" time="1.938" errors="0" timestamp="28 Jul 2024 18:15:12 GMT" skipped="0">
  <testcase classname="resources.ReadExcel" name="getData" time="1.938"/>
</testsuite> <!-- resources.ReadExcel -->
