<?xml version="1.0" encoding="UTF-8"?>
<!-- Generated by org.testng.reporters.JUnitReportReporter -->
<testsuite hostname="Poovannas-Thinkpad" failures="0" tests="1" name="testcases.CromaSearchTest" time="5.911" errors="0" timestamp="12 Aug 2024 18:26:40 GMT" skipped="0">
  <testcase classname="testcases.CromaSearchTest" name="search" time="5.911"/>
</testsuite> <!-- testcases.CromaSearchTest -->
